app/build/intermediates/manifest_merge_blame_file/debug/processDebugMainManifest/manifest-merger-blame-debug-report.txt
1<?xml version="1.0" encoding="utf-8"?>
2<manifest xmlns:android="http://schemas.android.com/apk/res/android"
3    package="com.quranapp.islamic.debug"
4    android:versionCode="1"
5    android:versionName="1.0.0-debug" >
6
7    <uses-sdk
8        android:minSdkVersion="24"
9        android:targetSdkVersion="34" />
10
11    <!-- الأذونات المطلوبة -->
12    <uses-permission android:name="android.permission.INTERNET" />
12-->src\main\AndroidManifest.xml:6:5-67
12-->src\main\AndroidManifest.xml:6:22-64
13    <uses-permission android:name="android.permission.ACCESS_NETWORK_STATE" />
13-->src\main\AndroidManifest.xml:7:5-79
13-->src\main\AndroidManifest.xml:7:22-76
14    <uses-permission android:name="android.permission.WAKE_LOCK" />
14-->src\main\AndroidManifest.xml:8:5-68
14-->src\main\AndroidManifest.xml:8:22-65
15    <uses-permission android:name="android.permission.FOREGROUND_SERVICE" />
15-->src\main\AndroidManifest.xml:9:5-77
15-->src\main\AndroidManifest.xml:9:22-74
16    <uses-permission android:name="android.permission.RECORD_AUDIO" />
16-->src\main\AndroidManifest.xml:10:5-71
16-->src\main\AndroidManifest.xml:10:22-68
17    <uses-permission
17-->src\main\AndroidManifest.xml:11:5-12:38
18        android:name="android.permission.WRITE_EXTERNAL_STORAGE"
18-->src\main\AndroidManifest.xml:11:22-78
19        android:maxSdkVersion="28" />
19-->src\main\AndroidManifest.xml:12:9-35
20    <uses-permission
20-->src\main\AndroidManifest.xml:13:5-14:38
21        android:name="android.permission.READ_EXTERNAL_STORAGE"
21-->src\main\AndroidManifest.xml:13:22-77
22        android:maxSdkVersion="32" />
22-->src\main\AndroidManifest.xml:14:9-35
23    <uses-permission android:name="android.permission.READ_MEDIA_AUDIO" />
23-->src\main\AndroidManifest.xml:15:5-75
23-->src\main\AndroidManifest.xml:15:22-72
24    <uses-permission android:name="android.permission.POST_NOTIFICATIONS" />
24-->src\main\AndroidManifest.xml:16:5-77
24-->src\main\AndroidManifest.xml:16:22-74
25
26    <!-- ميزات الجهاز -->
27    <uses-feature
27-->src\main\AndroidManifest.xml:19:5-21:36
28        android:name="android.hardware.microphone"
28-->src\main\AndroidManifest.xml:20:9-51
29        android:required="false" />
29-->src\main\AndroidManifest.xml:21:9-33
30    <uses-feature
30-->src\main\AndroidManifest.xml:22:5-24:35
31        android:name="android.hardware.audio.output"
31-->src\main\AndroidManifest.xml:23:9-53
32        android:required="true" />
32-->src\main\AndroidManifest.xml:24:9-32
33
34    <!-- Required by older versions of Google Play services to create IID tokens -->
35    <uses-permission android:name="com.google.android.c2dm.permission.RECEIVE" />
35-->[com.google.firebase:firebase-messaging:23.4.0] AndroidManifest.xml:26:5-82
35-->[com.google.firebase:firebase-messaging:23.4.0] AndroidManifest.xml:26:22-79
36    <uses-permission android:name="com.google.android.gms.permission.AD_ID" />
36-->[com.google.android.gms:play-services-measurement-api:21.5.0] AndroidManifest.xml:25:5-79
36-->[com.google.android.gms:play-services-measurement-api:21.5.0] AndroidManifest.xml:25:22-76
37    <uses-permission android:name="android.permission.ACCESS_ADSERVICES_ATTRIBUTION" />
37-->[com.google.android.gms:play-services-measurement-api:21.5.0] AndroidManifest.xml:26:5-88
37-->[com.google.android.gms:play-services-measurement-api:21.5.0] AndroidManifest.xml:26:22-85
38    <uses-permission android:name="android.permission.ACCESS_ADSERVICES_AD_ID" />
38-->[com.google.android.gms:play-services-measurement-api:21.5.0] AndroidManifest.xml:27:5-82
38-->[com.google.android.gms:play-services-measurement-api:21.5.0] AndroidManifest.xml:27:22-79
39    <uses-permission android:name="android.permission.RECEIVE_BOOT_COMPLETED" />
39-->[androidx.work:work-runtime:2.9.0] AndroidManifest.xml:25:5-81
39-->[androidx.work:work-runtime:2.9.0] AndroidManifest.xml:25:22-78
40    <uses-permission android:name="com.google.android.finsky.permission.BIND_GET_INSTALL_REFERRER_SERVICE" />
40-->[com.google.android.gms:play-services-measurement:21.5.0] AndroidManifest.xml:26:5-110
40-->[com.google.android.gms:play-services-measurement:21.5.0] AndroidManifest.xml:26:22-107
41    <uses-permission android:name="com.google.android.providers.gsf.permission.READ_GSERVICES" />
41-->[com.google.android.recaptcha:recaptcha:18.4.0] AndroidManifest.xml:9:5-98
41-->[com.google.android.recaptcha:recaptcha:18.4.0] AndroidManifest.xml:9:22-95
42
43    <permission
43-->[androidx.core:core:1.12.0] AndroidManifest.xml:22:5-24:47
44        android:name="com.quranapp.islamic.debug.DYNAMIC_RECEIVER_NOT_EXPORTED_PERMISSION"
44-->[androidx.core:core:1.12.0] AndroidManifest.xml:23:9-81
45        android:protectionLevel="signature" />
45-->[androidx.core:core:1.12.0] AndroidManifest.xml:24:9-44
46
47    <uses-permission android:name="com.quranapp.islamic.debug.DYNAMIC_RECEIVER_NOT_EXPORTED_PERMISSION" />
47-->[androidx.core:core:1.12.0] AndroidManifest.xml:26:5-97
47-->[androidx.core:core:1.12.0] AndroidManifest.xml:26:22-94
48
49    <application
49-->src\main\AndroidManifest.xml:26:5-210:19
50        android:name="com.quranapp.islamic.QuranApplication"
50-->src\main\AndroidManifest.xml:27:9-41
51        android:allowBackup="true"
51-->src\main\AndroidManifest.xml:28:9-35
52        android:appComponentFactory="androidx.core.app.CoreComponentFactory"
52-->[androidx.core:core:1.12.0] AndroidManifest.xml:28:18-86
53        android:dataExtractionRules="@xml/data_extraction_rules"
53-->src\main\AndroidManifest.xml:29:9-65
54        android:debuggable="true"
55        android:extractNativeLibs="false"
56        android:fullBackupContent="@xml/backup_rules"
56-->src\main\AndroidManifest.xml:30:9-54
57        android:hardwareAccelerated="true"
57-->src\main\AndroidManifest.xml:36:9-43
58        android:icon="@mipmap/ic_launcher"
58-->src\main\AndroidManifest.xml:31:9-43
59        android:label="@string/app_name"
59-->src\main\AndroidManifest.xml:32:9-41
60        android:largeHeap="true"
60-->src\main\AndroidManifest.xml:37:9-33
61        android:roundIcon="@mipmap/ic_launcher_round"
61-->src\main\AndroidManifest.xml:33:9-54
62        android:supportsRtl="true"
62-->src\main\AndroidManifest.xml:34:9-35
63        android:testOnly="true"
64        android:theme="@style/Theme.QuranApp.Starting" >
64-->src\main\AndroidManifest.xml:35:9-55
65
66        <!-- النشاط الرئيسي -->
67        <activity
67-->src\main\AndroidManifest.xml:41:9-68:20
68            android:name="com.quranapp.islamic.presentation.ui.main.MainActivity"
68-->src\main\AndroidManifest.xml:42:13-62
69            android:configChanges="orientation|screenSize|keyboardHidden"
69-->src\main\AndroidManifest.xml:46:13-74
70            android:exported="true"
70-->src\main\AndroidManifest.xml:43:13-36
71            android:screenOrientation="portrait"
71-->src\main\AndroidManifest.xml:45:13-49
72            android:theme="@style/Theme.QuranApp.Starting"
72-->src\main\AndroidManifest.xml:44:13-59
73            android:windowSoftInputMode="adjustResize" >
73-->src\main\AndroidManifest.xml:47:13-55
74            <intent-filter>
74-->src\main\AndroidManifest.xml:48:13-51:29
75                <action android:name="android.intent.action.MAIN" />
75-->src\main\AndroidManifest.xml:49:17-69
75-->src\main\AndroidManifest.xml:49:25-66
76
77                <category android:name="android.intent.category.LAUNCHER" />
77-->src\main\AndroidManifest.xml:50:17-77
77-->src\main\AndroidManifest.xml:50:27-74
78            </intent-filter>
79
80            <!-- للروابط العميقة -->
81            <intent-filter android:autoVerify="true" >
81-->src\main\AndroidManifest.xml:54:13-60:29
81-->src\main\AndroidManifest.xml:54:28-53
82                <action android:name="android.intent.action.VIEW" />
82-->src\main\AndroidManifest.xml:55:17-69
82-->src\main\AndroidManifest.xml:55:25-66
83
84                <category android:name="android.intent.category.DEFAULT" />
84-->src\main\AndroidManifest.xml:56:17-76
84-->src\main\AndroidManifest.xml:56:27-73
85                <category android:name="android.intent.category.BROWSABLE" />
85-->src\main\AndroidManifest.xml:57:17-78
85-->src\main\AndroidManifest.xml:57:27-75
86
87                <data
87-->src\main\AndroidManifest.xml:58:17-59:44
88                    android:host="quran"
88-->src\main\AndroidManifest.xml:59:21-41
89                    android:scheme="quranapp" />
89-->src\main\AndroidManifest.xml:58:23-48
90            </intent-filter>
91
92            <!-- لمشاركة النصوص -->
93            <intent-filter>
93-->src\main\AndroidManifest.xml:63:13-67:29
94                <action android:name="android.intent.action.SEND" />
94-->src\main\AndroidManifest.xml:64:17-69
94-->src\main\AndroidManifest.xml:64:25-66
95
96                <category android:name="android.intent.category.DEFAULT" />
96-->src\main\AndroidManifest.xml:56:17-76
96-->src\main\AndroidManifest.xml:56:27-73
97
98                <data android:mimeType="text/plain" />
98-->src\main\AndroidManifest.xml:58:17-59:44
98-->src\main\AndroidManifest.xml:66:23-52
99            </intent-filter>
100        </activity>
101
102        <!-- نشاط القراءة -->
103        <activity
103-->src\main\AndroidManifest.xml:71:9-82:20
104            android:name="com.quranapp.islamic.presentation.ui.reading.ReadingActivity"
104-->src\main\AndroidManifest.xml:72:13-68
105            android:configChanges="orientation|screenSize"
105-->src\main\AndroidManifest.xml:76:13-59
106            android:exported="false"
106-->src\main\AndroidManifest.xml:73:13-37
107            android:parentActivityName="com.quranapp.islamic.presentation.ui.main.MainActivity"
107-->src\main\AndroidManifest.xml:78:13-76
108            android:screenOrientation="portrait"
108-->src\main\AndroidManifest.xml:75:13-49
109            android:theme="@style/Theme.QuranApp.Reading"
109-->src\main\AndroidManifest.xml:74:13-58
110            android:windowSoftInputMode="adjustResize" >
110-->src\main\AndroidManifest.xml:77:13-55
111            <meta-data
111-->src\main\AndroidManifest.xml:79:13-81:70
112                android:name="android.support.PARENT_ACTIVITY"
112-->src\main\AndroidManifest.xml:80:17-63
113                android:value=".presentation.ui.main.MainActivity" />
113-->src\main\AndroidManifest.xml:81:17-67
114        </activity>
115
116        <!-- نشاط الإعدادات -->
117        <activity
117-->src\main\AndroidManifest.xml:85:9-94:20
118            android:name="com.quranapp.islamic.presentation.ui.settings.SettingsActivity"
118-->src\main\AndroidManifest.xml:86:13-70
119            android:exported="false"
119-->src\main\AndroidManifest.xml:87:13-37
120            android:parentActivityName="com.quranapp.islamic.presentation.ui.main.MainActivity"
120-->src\main\AndroidManifest.xml:90:13-76
121            android:screenOrientation="portrait"
121-->src\main\AndroidManifest.xml:89:13-49
122            android:theme="@style/Theme.QuranApp" >
122-->src\main\AndroidManifest.xml:88:13-50
123            <meta-data
123-->src\main\AndroidManifest.xml:79:13-81:70
124                android:name="android.support.PARENT_ACTIVITY"
124-->src\main\AndroidManifest.xml:80:17-63
125                android:value=".presentation.ui.main.MainActivity" />
125-->src\main\AndroidManifest.xml:81:17-67
126        </activity>
127
128        <!-- نشاط البحث -->
129        <activity
129-->src\main\AndroidManifest.xml:97:9-114:20
130            android:name="com.quranapp.islamic.presentation.ui.search.SearchActivity"
130-->src\main\AndroidManifest.xml:98:13-66
131            android:exported="false"
131-->src\main\AndroidManifest.xml:99:13-37
132            android:parentActivityName="com.quranapp.islamic.presentation.ui.main.MainActivity"
132-->src\main\AndroidManifest.xml:103:13-76
133            android:screenOrientation="portrait"
133-->src\main\AndroidManifest.xml:101:13-49
134            android:theme="@style/Theme.QuranApp"
134-->src\main\AndroidManifest.xml:100:13-50
135            android:windowSoftInputMode="stateVisible|adjustResize" >
135-->src\main\AndroidManifest.xml:102:13-68
136            <meta-data
136-->src\main\AndroidManifest.xml:79:13-81:70
137                android:name="android.support.PARENT_ACTIVITY"
137-->src\main\AndroidManifest.xml:80:17-63
138                android:value=".presentation.ui.main.MainActivity" />
138-->src\main\AndroidManifest.xml:81:17-67
139
140            <!-- للبحث من خلال النظام -->
141            <intent-filter>
141-->src\main\AndroidManifest.xml:109:13-111:29
142                <action android:name="android.intent.action.SEARCH" />
142-->src\main\AndroidManifest.xml:110:17-71
142-->src\main\AndroidManifest.xml:110:25-68
143            </intent-filter>
144
145            <meta-data
145-->src\main\AndroidManifest.xml:112:13-113:54
146                android:name="android.app.searchable"
146-->src\main\AndroidManifest.xml:112:24-61
147                android:resource="@xml/searchable" />
147-->src\main\AndroidManifest.xml:113:17-51
148        </activity>
149
150        <!-- خدمة تشغيل الصوت -->
151        <service
151-->src\main\AndroidManifest.xml:117:9-124:19
152            android:name="com.quranapp.islamic.data.audio.QuranAudioService"
152-->src\main\AndroidManifest.xml:118:13-57
153            android:exported="false"
153-->src\main\AndroidManifest.xml:119:13-37
154            android:foregroundServiceType="mediaPlayback" >
154-->src\main\AndroidManifest.xml:120:13-58
155            <intent-filter>
155-->src\main\AndroidManifest.xml:121:13-123:29
156                <action android:name="androidx.media3.session.MediaSessionService" />
156-->src\main\AndroidManifest.xml:122:17-86
156-->src\main\AndroidManifest.xml:122:25-83
157            </intent-filter>
158        </service>
159
160        <!-- خدمة التحميل -->
161        <service
161-->src\main\AndroidManifest.xml:127:9-130:56
162            android:name="com.quranapp.islamic.data.download.DownloadService"
162-->src\main\AndroidManifest.xml:128:13-58
163            android:exported="false"
163-->src\main\AndroidManifest.xml:129:13-37
164            android:foregroundServiceType="dataSync" />
164-->src\main\AndroidManifest.xml:130:13-53
165
166        <!-- خدمة المزامنة -->
167        <service
167-->src\main\AndroidManifest.xml:133:9-136:56
168            android:name="com.quranapp.islamic.data.sync.SyncService"
168-->src\main\AndroidManifest.xml:134:13-50
169            android:exported="false"
169-->src\main\AndroidManifest.xml:135:13-37
170            android:foregroundServiceType="dataSync" />
170-->src\main\AndroidManifest.xml:136:13-53
171
172        <!-- مزود الملفات -->
173        <provider
174            android:name="androidx.core.content.FileProvider"
174-->src\main\AndroidManifest.xml:140:13-62
175            android:authorities="com.quranapp.islamic.debug.fileprovider"
175-->src\main\AndroidManifest.xml:141:13-64
176            android:exported="false"
176-->src\main\AndroidManifest.xml:142:13-37
177            android:grantUriPermissions="true" >
177-->src\main\AndroidManifest.xml:143:13-47
178            <meta-data
178-->src\main\AndroidManifest.xml:144:13-146:54
179                android:name="android.support.FILE_PROVIDER_PATHS"
179-->src\main\AndroidManifest.xml:145:17-67
180                android:resource="@xml/file_paths" />
180-->src\main\AndroidManifest.xml:146:17-51
181        </provider>
182
183        <!-- مستقبل التحديثات -->
184        <receiver
184-->src\main\AndroidManifest.xml:150:9-159:20
185            android:name="com.quranapp.islamic.broadcast.QuranBroadcastReceiver"
185-->src\main\AndroidManifest.xml:151:13-61
186            android:exported="false" >
186-->src\main\AndroidManifest.xml:152:13-37
187            <intent-filter>
187-->src\main\AndroidManifest.xml:153:13-158:29
188                <action android:name="android.intent.action.BOOT_COMPLETED" />
188-->src\main\AndroidManifest.xml:154:17-79
188-->src\main\AndroidManifest.xml:154:25-76
189                <action android:name="android.intent.action.MY_PACKAGE_REPLACED" />
189-->src\main\AndroidManifest.xml:155:17-84
189-->src\main\AndroidManifest.xml:155:25-81
190                <action android:name="android.intent.action.PACKAGE_REPLACED" />
190-->src\main\AndroidManifest.xml:156:17-81
190-->src\main\AndroidManifest.xml:156:25-78
191
192                <data android:scheme="package" />
192-->src\main\AndroidManifest.xml:58:17-59:44
192-->src\main\AndroidManifest.xml:58:23-48
193            </intent-filter>
194        </receiver>
195
196        <!-- Widget للشاشة الرئيسية -->
197        <receiver
197-->src\main\AndroidManifest.xml:162:9-171:20
198            android:name="com.quranapp.islamic.widget.QuranWidgetProvider"
198-->src\main\AndroidManifest.xml:163:13-55
199            android:exported="false" >
199-->src\main\AndroidManifest.xml:164:13-37
200            <intent-filter>
200-->src\main\AndroidManifest.xml:165:13-167:29
201                <action android:name="android.appwidget.action.APPWIDGET_UPDATE" />
201-->src\main\AndroidManifest.xml:166:17-84
201-->src\main\AndroidManifest.xml:166:25-81
202            </intent-filter>
203
204            <meta-data
204-->src\main\AndroidManifest.xml:168:13-170:61
205                android:name="android.appwidget.provider"
205-->src\main\AndroidManifest.xml:169:17-58
206                android:resource="@xml/quran_widget_info" />
206-->src\main\AndroidManifest.xml:170:17-58
207        </receiver>
208
209        <!-- Firebase Messaging -->
210        <service
210-->src\main\AndroidManifest.xml:174:9-180:19
211            android:name="com.quranapp.islamic.firebase.QuranFirebaseMessagingService"
211-->src\main\AndroidManifest.xml:175:13-67
212            android:exported="false" >
212-->src\main\AndroidManifest.xml:176:13-37
213            <intent-filter>
213-->src\main\AndroidManifest.xml:177:13-179:29
214                <action android:name="com.google.firebase.MESSAGING_EVENT" />
214-->src\main\AndroidManifest.xml:178:17-78
214-->src\main\AndroidManifest.xml:178:25-75
215            </intent-filter>
216        </service>
217
218        <!-- Meta-data للمكتبات الخارجية -->
219        <meta-data
219-->src\main\AndroidManifest.xml:183:9-185:60
220            android:name="com.google.firebase.messaging.default_notification_icon"
220-->src\main\AndroidManifest.xml:184:13-83
221            android:resource="@drawable/ic_notification" />
221-->src\main\AndroidManifest.xml:185:13-57
222        <meta-data
222-->src\main\AndroidManifest.xml:187:9-189:55
223            android:name="com.google.firebase.messaging.default_notification_color"
223-->src\main\AndroidManifest.xml:188:13-84
224            android:resource="@color/primary_color" />
224-->src\main\AndroidManifest.xml:189:13-52
225        <meta-data
225-->src\main\AndroidManifest.xml:191:9-193:71
226            android:name="com.google.firebase.messaging.default_notification_channel_id"
226-->src\main\AndroidManifest.xml:192:13-89
227            android:value="@string/default_notification_channel_id" />
227-->src\main\AndroidManifest.xml:193:13-68
228
229        <!-- ExoPlayer -->
230        <meta-data
230-->src\main\AndroidManifest.xml:196:9-198:59
231            android:name="com.google.android.gms.car.application"
231-->src\main\AndroidManifest.xml:197:13-66
232            android:resource="@xml/automotive_app_desc" />
232-->src\main\AndroidManifest.xml:198:13-56
233
234        <!-- للشاشات ذات الكثافة العالية -->
235        <meta-data
235-->src\main\AndroidManifest.xml:201:9-203:35
236            android:name="android.max_aspect"
236-->src\main\AndroidManifest.xml:202:13-46
237            android:value="2.4" />
237-->src\main\AndroidManifest.xml:203:13-32
238
239        <!-- لدعم الشاشات القابلة للطي -->
240        <meta-data
240-->src\main\AndroidManifest.xml:206:9-208:36
241            android:name="android.allow_multiple_resumed_activities"
241-->src\main\AndroidManifest.xml:207:13-69
242            android:value="true" />
242-->src\main\AndroidManifest.xml:208:13-33
243
244        <service
244-->[com.google.firebase:firebase-auth-ktx:22.3.1] AndroidManifest.xml:8:9-14:19
245            android:name="com.google.firebase.components.ComponentDiscoveryService"
245-->[com.google.firebase:firebase-auth-ktx:22.3.1] AndroidManifest.xml:9:13-84
246            android:directBootAware="true"
246-->[com.google.firebase:firebase-common:20.4.2] AndroidManifest.xml:32:13-43
247            android:exported="false" >
247-->[com.google.firebase:firebase-auth-ktx:22.3.1] AndroidManifest.xml:10:13-37
248            <meta-data
248-->[com.google.firebase:firebase-auth-ktx:22.3.1] AndroidManifest.xml:11:13-13:85
249                android:name="com.google.firebase.components:com.google.firebase.auth.ktx.FirebaseAuthLegacyRegistrar"
249-->[com.google.firebase:firebase-auth-ktx:22.3.1] AndroidManifest.xml:12:17-119
250                android:value="com.google.firebase.components.ComponentRegistrar" />
250-->[com.google.firebase:firebase-auth-ktx:22.3.1] AndroidManifest.xml:13:17-82
251            <meta-data
251-->[com.google.firebase:firebase-auth:22.3.1] AndroidManifest.xml:69:13-71:85
252                android:name="com.google.firebase.components:com.google.firebase.auth.FirebaseAuthRegistrar"
252-->[com.google.firebase:firebase-auth:22.3.1] AndroidManifest.xml:70:17-109
253                android:value="com.google.firebase.components.ComponentRegistrar" />
253-->[com.google.firebase:firebase-auth:22.3.1] AndroidManifest.xml:71:17-82
254            <meta-data
254-->[com.google.firebase:firebase-storage-ktx:20.3.0] AndroidManifest.xml:12:13-14:85
255                android:name="com.google.firebase.components:com.google.firebase.storage.ktx.FirebaseStorageLegacyRegistrar"
255-->[com.google.firebase:firebase-storage-ktx:20.3.0] AndroidManifest.xml:13:17-125
256                android:value="com.google.firebase.components.ComponentRegistrar" />
256-->[com.google.firebase:firebase-storage-ktx:20.3.0] AndroidManifest.xml:14:17-82
257            <meta-data
257-->[com.google.firebase:firebase-crashlytics-ktx:18.6.1] AndroidManifest.xml:24:13-26:85
258                android:name="com.google.firebase.components:com.google.firebase.crashlytics.ktx.FirebaseCrashlyticsKtxRegistrar"
258-->[com.google.firebase:firebase-crashlytics-ktx:18.6.1] AndroidManifest.xml:25:17-130
259                android:value="com.google.firebase.components.ComponentRegistrar" />
259-->[com.google.firebase:firebase-crashlytics-ktx:18.6.1] AndroidManifest.xml:26:17-82
260            <meta-data
260-->[com.google.firebase:firebase-analytics-ktx:21.5.0] AndroidManifest.xml:11:13-13:85
261                android:name="com.google.firebase.components:com.google.firebase.analytics.ktx.FirebaseAnalyticsLegacyRegistrar"
261-->[com.google.firebase:firebase-analytics-ktx:21.5.0] AndroidManifest.xml:12:17-129
262                android:value="com.google.firebase.components.ComponentRegistrar" />
262-->[com.google.firebase:firebase-analytics-ktx:21.5.0] AndroidManifest.xml:13:17-82
263            <meta-data
263-->[com.google.firebase:firebase-firestore-ktx:24.10.1] AndroidManifest.xml:12:13-14:85
264                android:name="com.google.firebase.components:com.google.firebase.firestore.ktx.FirebaseFirestoreLegacyRegistrar"
264-->[com.google.firebase:firebase-firestore-ktx:24.10.1] AndroidManifest.xml:13:17-129
265                android:value="com.google.firebase.components.ComponentRegistrar" />
265-->[com.google.firebase:firebase-firestore-ktx:24.10.1] AndroidManifest.xml:14:17-82
266            <meta-data
266-->[com.google.firebase:firebase-messaging-ktx:23.4.0] AndroidManifest.xml:26:13-28:85
267                android:name="com.google.firebase.components:com.google.firebase.messaging.ktx.FirebaseMessagingLegacyRegistrar"
267-->[com.google.firebase:firebase-messaging-ktx:23.4.0] AndroidManifest.xml:27:17-129
268                android:value="com.google.firebase.components.ComponentRegistrar" />
268-->[com.google.firebase:firebase-messaging-ktx:23.4.0] AndroidManifest.xml:28:17-82
269            <meta-data
269-->[com.google.firebase:firebase-storage:20.3.0] AndroidManifest.xml:30:13-32:85
270                android:name="com.google.firebase.components:com.google.firebase.storage.FirebaseStorageKtxRegistrar"
270-->[com.google.firebase:firebase-storage:20.3.0] AndroidManifest.xml:31:17-118
271                android:value="com.google.firebase.components.ComponentRegistrar" />
271-->[com.google.firebase:firebase-storage:20.3.0] AndroidManifest.xml:32:17-82
272            <meta-data
272-->[com.google.firebase:firebase-storage:20.3.0] AndroidManifest.xml:33:13-35:85
273                android:name="com.google.firebase.components:com.google.firebase.storage.StorageRegistrar"
273-->[com.google.firebase:firebase-storage:20.3.0] AndroidManifest.xml:34:17-107
274                android:value="com.google.firebase.components.ComponentRegistrar" />
274-->[com.google.firebase:firebase-storage:20.3.0] AndroidManifest.xml:35:17-82
275            <meta-data
275-->[com.google.firebase:firebase-crashlytics:18.6.1] AndroidManifest.xml:15:13-17:85
276                android:name="com.google.firebase.components:com.google.firebase.crashlytics.FirebaseCrashlyticsKtxRegistrar"
276-->[com.google.firebase:firebase-crashlytics:18.6.1] AndroidManifest.xml:16:17-126
277                android:value="com.google.firebase.components.ComponentRegistrar" />
277-->[com.google.firebase:firebase-crashlytics:18.6.1] AndroidManifest.xml:17:17-82
278            <meta-data
278-->[com.google.firebase:firebase-crashlytics:18.6.1] AndroidManifest.xml:18:13-20:85
279                android:name="com.google.firebase.components:com.google.firebase.crashlytics.CrashlyticsRegistrar"
279-->[com.google.firebase:firebase-crashlytics:18.6.1] AndroidManifest.xml:19:17-115
280                android:value="com.google.firebase.components.ComponentRegistrar" />
280-->[com.google.firebase:firebase-crashlytics:18.6.1] AndroidManifest.xml:20:17-82
281            <meta-data
281-->[com.google.firebase:firebase-firestore:24.10.1] AndroidManifest.xml:17:13-19:85
282                android:name="com.google.firebase.components:com.google.firebase.firestore.FirebaseFirestoreKtxRegistrar"
282-->[com.google.firebase:firebase-firestore:24.10.1] AndroidManifest.xml:18:17-122
283                android:value="com.google.firebase.components.ComponentRegistrar" />
283-->[com.google.firebase:firebase-firestore:24.10.1] AndroidManifest.xml:19:17-82
284            <meta-data
284-->[com.google.firebase:firebase-firestore:24.10.1] AndroidManifest.xml:20:13-22:85
285                android:name="com.google.firebase.components:com.google.firebase.firestore.FirestoreRegistrar"
285-->[com.google.firebase:firebase-firestore:24.10.1] AndroidManifest.xml:21:17-111
286                android:value="com.google.firebase.components.ComponentRegistrar" />
286-->[com.google.firebase:firebase-firestore:24.10.1] AndroidManifest.xml:22:17-82
287            <meta-data
287-->[com.google.firebase:firebase-messaging:23.4.0] AndroidManifest.xml:57:13-59:85
288                android:name="com.google.firebase.components:com.google.firebase.messaging.FirebaseMessagingKtxRegistrar"
288-->[com.google.firebase:firebase-messaging:23.4.0] AndroidManifest.xml:58:17-122
289                android:value="com.google.firebase.components.ComponentRegistrar" />
289-->[com.google.firebase:firebase-messaging:23.4.0] AndroidManifest.xml:59:17-82
290            <meta-data
290-->[com.google.firebase:firebase-messaging:23.4.0] AndroidManifest.xml:60:13-62:85
291                android:name="com.google.firebase.components:com.google.firebase.messaging.FirebaseMessagingRegistrar"
291-->[com.google.firebase:firebase-messaging:23.4.0] AndroidManifest.xml:61:17-119
292                android:value="com.google.firebase.components.ComponentRegistrar" />
292-->[com.google.firebase:firebase-messaging:23.4.0] AndroidManifest.xml:62:17-82
293            <meta-data
293-->[com.google.firebase:firebase-appcheck:17.1.1] AndroidManifest.xml:25:13-27:85
294                android:name="com.google.firebase.components:com.google.firebase.appcheck.FirebaseAppCheckKtxRegistrar"
294-->[com.google.firebase:firebase-appcheck:17.1.1] AndroidManifest.xml:26:17-120
295                android:value="com.google.firebase.components.ComponentRegistrar" />
295-->[com.google.firebase:firebase-appcheck:17.1.1] AndroidManifest.xml:27:17-82
296            <meta-data
296-->[com.google.firebase:firebase-appcheck:17.1.1] AndroidManifest.xml:28:13-30:85
297                android:name="com.google.firebase.components:com.google.firebase.appcheck.FirebaseAppCheckRegistrar"
297-->[com.google.firebase:firebase-appcheck:17.1.1] AndroidManifest.xml:29:17-117
298                android:value="com.google.firebase.components.ComponentRegistrar" />
298-->[com.google.firebase:firebase-appcheck:17.1.1] AndroidManifest.xml:30:17-82
299            <meta-data
299-->[com.google.firebase:firebase-sessions:1.2.1] AndroidManifest.xml:29:13-31:85
300                android:name="com.google.firebase.components:com.google.firebase.sessions.FirebaseSessionsRegistrar"
300-->[com.google.firebase:firebase-sessions:1.2.1] AndroidManifest.xml:30:17-117
301                android:value="com.google.firebase.components.ComponentRegistrar" />
301-->[com.google.firebase:firebase-sessions:1.2.1] AndroidManifest.xml:31:17-82
302            <meta-data
302-->[com.google.android.gms:play-services-measurement-api:21.5.0] AndroidManifest.xml:37:13-39:85
303                android:name="com.google.firebase.components:com.google.firebase.analytics.connector.internal.AnalyticsConnectorRegistrar"
303-->[com.google.android.gms:play-services-measurement-api:21.5.0] AndroidManifest.xml:38:17-139
304                android:value="com.google.firebase.components.ComponentRegistrar" />
304-->[com.google.android.gms:play-services-measurement-api:21.5.0] AndroidManifest.xml:39:17-82
305            <meta-data